{
  "RSpec": {
    "coverage": {
      "/Users/danieldenhartog/Documents/oyster/spec/journey_spec.rb": [
        1,
        1,
        2,
        null,
        null,
        null
      ],
      "/Users/danieldenhartog/Documents/oyster/lib/journey.rb": [
        1,
        1,
        null,
        1,
        15,
        null,
        null,
        1,
        17,
        null,
        null,
        1,
        9,
        null,
        null,
        1,
        6,
        6,
        6,
        6,
        null,
        null,
        1,
        2,
        1,
        null,
        null,
        null,
        null
      ],
      "/Users/danieldenhartog/Documents/oyster/spec/oystercard_spec.rb": [
        1,
        1,
        1,
        null,
        14,
        2,
        1,
        1,
        1,
        1,
        1,
        null,
        null,
        null,
        1,
        1,
        1,
        1,
        1,
        null,
        null,
        null,
        1,
        1,
        4,
        null,
        1,
        1,
        1,
        2,
        null,
        null,
        null,
        1,
        1,
        1,
        1,
        1,
        1,
        null,
        null,
        null,
        1,
        1,
        1,
        1,
        1,
        null,
        1,
        1,
        2,
        null,
        1,
        1,
        1,
        1,
        1,
        null,
        null,
        null,
        null,
        1,
        null,
        1,
        3,
        3,
        null,
        null,
        1,
        1,
        4,
        null,
        1,
        4,
        null,
        1,
        4,
        null,
        null,
        null,
        null,
        1,
        1,
        1,
        null,
        1,
        1,
        1,
        1,
        2,
        null,
        null,
        null
      ],
      "/Users/danieldenhartog/Documents/oyster/lib/oystercard.rb": [
        1,
        1,
        null,
        1,
        1,
        null,
        1,
        null,
        1,
        13,
        13,
        null,
        null,
        1,
        12,
        11,
        null,
        null,
        1,
        17,
        null,
        null,
        1,
        9,
        9,
        1,
        1,
        null,
        9,
        8,
        null,
        null,
        1,
        6,
        6,
        1,
        null,
        5,
        5,
        null,
        null,
        null,
        1,
        2,
        null,
        null,
        1,
        null,
        1,
        6,
        null,
        null,
        1,
        6,
        1,
        null,
        5,
        null,
        null,
        null,
        1,
        5,
        null,
        1,
        null,
        1,
        null,
        3,
        null,
        null,
        null,
        null
      ],
      "/Users/danieldenhartog/Documents/oyster/spec/station_spec.rb": [
        1,
        1,
        3,
        null,
        1,
        1,
        null,
        null,
        1,
        1,
        null,
        null
      ],
      "/Users/danieldenhartog/Documents/oyster/lib/station.rb": [
        1,
        1,
        null,
        null,
        1,
        2,
        2,
        null,
        null,
        null
      ]
    },
    "timestamp": 1536934558
  }
}
