{
  "RSpec": {
    "coverage": {
      "/Users/danieldenhartog/Documents/oyster/spec/journey_spec.rb": [
        1,
        1,
        2,
        null,
        null,
        null
      ],
      "/Users/danieldenhartog/Documents/oyster/lib/journey.rb": [
        1,
        1,
        null,
        1,
        12,
        null,
        null,
        1,
        10,
        null,
        null,
        1,
        7,
        null,
        null,
        1,
        5,
        5,
        5,
        5,
        null,
        null,
        1,
        2,
        1,
        null,
        null,
        null,
        null
      ],
      "/Users/danieldenhartog/Documents/oyster/spec/oystercard_spec.rb": [
        1,
        1,
        null,
        12,
        1,
        1,
        1,
        1,
        1,
        null,
        null,
        null,
        1,
        1,
        1,
        1,
        null,
        null,
        null,
        1,
        1,
        4,
        null,
        1,
        1,
        1,
        2,
        null,
        null,
        null,
        1,
        1,
        1,
        1,
        1,
        1,
        null,
        null,
        null,
        1,
        1,
        1,
        1,
        1,
        null,
        1,
        1,
        2,
        null,
        1,
        1,
        1,
        1,
        1,
        null,
        null,
        null,
        null,
        1,
        1,
        1,
        1,
        1,
        4,
        null,
        null,
        null,
        1,
        1,
        1,
        null,
        1,
        1,
        1,
        1,
        2,
        null,
        1,
        null,
        null,
        null,
        null
      ],
      "/Users/danieldenhartog/Documents/oyster/lib/oystercard.rb": [
        1,
        1,
        null,
        1,
        1,
        null,
        1,
        null,
        1,
        11,
        11,
        null,
        null,
        1,
        10,
        9,
        null,
        null,
        1,
        10,
        null,
        null,
        1,
        8,
        1,
        1,
        null,
        8,
        7,
        null,
        null,
        1,
        5,
        1,
        null,
        4,
        4,
        null,
        null,
        null,
        1,
        2,
        null,
        null,
        1,
        null,
        1,
        5,
        null,
        null,
        null
      ],
      "/Users/danieldenhartog/Documents/oyster/spec/station_spec.rb": [
        1,
        1,
        3,
        null,
        1,
        1,
        null,
        null,
        1,
        1,
        null,
        null
      ],
      "/Users/danieldenhartog/Documents/oyster/lib/station.rb": [
        1,
        1,
        null,
        null,
        1,
        2,
        2,
        null,
        null,
        null
      ]
    },
    "timestamp": 1536871779
  }
}
